  test.cpp
E:\VisualStudio\VC\Tools\MSVC\14.42.34433\include\filesystem(12): warning STL4038: The contents of <filesystem> are available only with C++17 or later.
E:\git_repository\CPP\Project\Project_MutithreadDirectoryScanner\Project_MutithreadDirectoryScanner\directory_scanner.h(13,21): error C2039: "filesystem": 不是 "std" 的成员
  (编译源文件“test.cpp”)
      E:\VisualStudio\VC\Tools\MSVC\14.42.34433\include\condition_variable(30,1):
      参见“std”的声明
  
E:\git_repository\CPP\Project\Project_MutithreadDirectoryScanner\Project_MutithreadDirectoryScanner\directory_scanner.h(13,21): error C2878: “filesystem”: 该名称的命名空间或类不存在
  (编译源文件“test.cpp”)
  
E:\git_repository\CPP\Project\Project_MutithreadDirectoryScanner\Project_MutithreadDirectoryScanner\directory_scanner.h(79,38): error C2653: “fs”: 不是类或命名空间名称
  (编译源文件“test.cpp”)
  
E:\git_repository\CPP\Project\Project_MutithreadDirectoryScanner\Project_MutithreadDirectoryScanner\directory_scanner.h(79,30): error C2530: “entry”: 必须初始化引用
  (编译源文件“test.cpp”)
  
E:\git_repository\CPP\Project\Project_MutithreadDirectoryScanner\Project_MutithreadDirectoryScanner\directory_scanner.h(79,30): error C3531: “entry”: 类型包含“auto”的符号必须具有初始值设定项
  (编译源文件“test.cpp”)
  
E:\git_repository\CPP\Project\Project_MutithreadDirectoryScanner\Project_MutithreadDirectoryScanner\directory_scanner.h(79,36): error C2143: 语法错误: 缺少“;”(在“:”的前面)
  (编译源文件“test.cpp”)
  
E:\git_repository\CPP\Project\Project_MutithreadDirectoryScanner\Project_MutithreadDirectoryScanner\directory_scanner.h(79,42): error C3861: “directory_iterator”: 找不到标识符
  (编译源文件“test.cpp”)
  
E:\git_repository\CPP\Project\Project_MutithreadDirectoryScanner\Project_MutithreadDirectoryScanner\directory_scanner.h(79,66): error C2143: 语法错误: 缺少“;”(在“)”的前面)
  (编译源文件“test.cpp”)
  
E:\git_repository\CPP\Project\Project_MutithreadDirectoryScanner\Project_MutithreadDirectoryScanner\directory_scanner.h(92,22): error C2653: “fs”: 不是类或命名空间名称
  (编译源文件“test.cpp”)
  
E:\git_repository\CPP\Project\Project_MutithreadDirectoryScanner\Project_MutithreadDirectoryScanner\directory_scanner.h(92,16): error C4430: 缺少类型说明符 - 假定为 int。注意: C++ 不支持默认 int
  (编译源文件“test.cpp”)
  
E:\git_repository\CPP\Project\Project_MutithreadDirectoryScanner\Project_MutithreadDirectoryScanner\directory_scanner.h(92,42): error C2143: 语法错误: 缺少“,”(在“&”的前面)
  (编译源文件“test.cpp”)
  
E:\git_repository\CPP\Project\Project_MutithreadDirectoryScanner\Project_MutithreadDirectoryScanner\directory_scanner.h(93,64): error C2065: “e”: 未声明的标识符
  (编译源文件“test.cpp”)
  
E:\git_repository\CPP\Project\Project_MutithreadDirectoryScanner\Project_MutithreadDirectoryScanner\directory_scanner.h(98,21): error C2039: "count_if": 不是 "std" 的成员
  (编译源文件“test.cpp”)
      E:\VisualStudio\VC\Tools\MSVC\14.42.34433\include\condition_variable(30,1):
      参见“std”的声明
  
E:\git_repository\CPP\Project\Project_MutithreadDirectoryScanner\Project_MutithreadDirectoryScanner\directory_scanner.h(98,21): error C3861: “count_if”: 找不到标识符
  (编译源文件“test.cpp”)
  
