  test.cpp
F:\git-repository\CPP\Project\Class_PriorityQueue\Class_PriorityQueue\PriorityQueue.h(32,10): warning C4267: “初始化”: 从“size_t”转换到“int”，可能丢失数据
F:\git-repository\CPP\Project\Class_PriorityQueue\Class_PriorityQueue\PriorityQueue.h(29,8): message : 在编译 类 模板 成员函数“void zwr::priority_queue<int,std::deque<int,std::allocator<T>>,zwr::Greater<T>>::AdjustUp(void)”时
          with
          [
              T=int
          ]
F:\git-repository\CPP\Project\Class_PriorityQueue\Class_PriorityQueue\PriorityQueue.h(98,12): message : 请参阅 "zwr::priority_queue<int,std::deque<int,std::allocator<T>>,zwr::Greater<T>>::push" 中对 "zwr::priority_queue<int,std::deque<int,std::allocator<T>>,zwr::Greater<T>>::AdjustUp" 的第一个引用
          with
          [
              T=int
          ]
F:\git-repository\CPP\Project\Class_PriorityQueue\Class_PriorityQueue\test.cpp(52,23): message : 请参阅 "main" 中对 "zwr::priority_queue<int,std::deque<int,std::allocator<T>>,zwr::Greater<T>>::push" 的第一个引用
          with
          [
              T=int
          ]
F:\git-repository\CPP\Project\Class_PriorityQueue\Class_PriorityQueue\test.cpp(51,48): message : 查看对正在编译的 类 模板 实例化“zwr::priority_queue<int,std::deque<int,std::allocator<T>>,zwr::Greater<T>>”的引用
          with
          [
              T=int
          ]
  Class_PriorityQueue.vcxproj -> F:\git-repository\CPP\Project\Class_PriorityQueue\x64\Debug\Class_PriorityQueue.exe
